<?xml version="1.0" encoding="UTF-8"?>
<!-- Generated by org.testng.reporters.JUnitXMLReporter -->
<testsuite ignored="1" hostname="DESKTOP-JACOFGL" failures="1" tests="217" name="WeeklyReleaseTesting" time="6508.274" errors="0" timestamp="2024-04-23T14:06:04 IST">
  <testcase classname="com.optimus.OptimusMavenProject.DineIn" name="loginwithValidUser" time="28.893"/>
  <testcase classname="com.optimus.OptimusMavenProject.DineIn" name="TakeOrder" time="26.134"/>
  <testcase classname="com.optimus.OptimusMavenProject.DineIn" name="RecallOrder" time="13.547"/>
  <testcase classname="com.optimus.OptimusMavenProject.DineIn" name="RecallOrderandDecreaseQTY" time="23.849"/>
  <testcase classname="com.optimus.OptimusMavenProject.DineIn" name="RecallOrderAddItem" time="17.852"/>
  <testcase classname="com.optimus.OptimusMavenProject.DineIn" name="AddMultipleItem" time="24.24"/>
  <testcase classname="com.optimus.OptimusMavenProject.DineIn" name="addModifierItem" time="21.041"/>
  <testcase classname="com.optimus.OptimusMavenProject.DineIn" name="IncreaseMultipleItemQTY" time="17.817"/>
  <testcase classname="com.optimus.OptimusMavenProject.DineIn" name="voidItem" time="23.899"/>
  <testcase classname="com.optimus.OptimusMavenProject.DineIn" name="voidMultipleItem" time="48.692"/>
  <testcase classname="com.optimus.OptimusMavenProject.DineIn" name="voidModifierItem" time="32.422"/>
  <testcase classname="com.optimus.OptimusMavenProject.DineIn" name="checkValidation" time="25.988"/>
  <testcase classname="com.optimus.OptimusMavenProject.DineIn" name="voidItemThroughItemPopup" time="38.659"/>
  <testcase classname="com.optimus.OptimusMavenProject.DineIn" name="VoidOrder" time="19.549"/>
  <testcase classname="com.optimus.OptimusMavenProject.DineIn" name="VoidMultipleOrder" time="94.244"/>
  <testcase classname="com.optimus.OptimusMavenProject.DineIn" name="QuickPay" time="17.904"/>
  <testcase classname="com.optimus.OptimusMavenProject.DineIn" name="RecallOrderQuickPay" time="24.361"/>
  <testcase classname="com.optimus.OptimusMavenProject.DineIn" name="SettleOrderwithCash" time="27.282"/>
  <testcase classname="com.optimus.OptimusMavenProject.DineIn" name="SettleOrderwithBank" time="24.314"/>
  <testcase classname="com.optimus.OptimusMavenProject.DineIn" name="CashwithSurcharge" time="33.525"/>
  <testcase classname="com.optimus.OptimusMavenProject.DineIn" name="BankwithSurcharge" time="26.54"/>
  <testcase classname="com.optimus.OptimusMavenProject.DineIn" name="settleOrderwithCredit" time="26.595"/>
  <testcase classname="com.optimus.OptimusMavenProject.DineIn" name="CreditwithInsufficientBalance" time="37.404"/>
  <testcase classname="com.optimus.OptimusMavenProject.DineIn" name="settleOrderwithCreditUpdateGuestInfo" time="26.375"/>
  <testcase classname="com.optimus.OptimusMavenProject.DineIn" name="settleOrderwithRoomPost" time="26.535"/>
  <testcase classname="com.optimus.OptimusMavenProject.DineIn" name="settleOrderPartially" time="44.426"/>
  <testcase classname="com.optimus.OptimusMavenProject.DineIn" name="settleOrderwithOtherCurrency" time="31.284"/>
  <testcase classname="com.optimus.OptimusMavenProject.DineIn" name="settleOrderwithTwoCurrency" time="48.554"/>
  <testcase classname="com.optimus.OptimusMavenProject.DineIn" name="DeletePayment" time="51.846"/>
  <testcase classname="com.optimus.OptimusMavenProject.DineIn" name="addExtraCharge" time="15.655"/>
  <testcase classname="com.optimus.OptimusMavenProject.DineIn" name="multipleExtraCharge" time="26.595"/>
  <testcase classname="com.optimus.OptimusMavenProject.DineIn" name="removeExtraCharge" time="22.144"/>
  <testcase classname="com.optimus.OptimusMavenProject.DineIn" name="removeMultipleExtraCharge" time="28.558"/>
  <testcase classname="com.optimus.OptimusMavenProject.DineIn" name="QuickPayOrderwithExtraCharge" time="15.815"/>
  <testcase classname="com.optimus.OptimusMavenProject.DineIn" name="settleOrderwithExtraCharge" time="31.487"/>
  <testcase classname="com.optimus.OptimusMavenProject.DineIn" name="SettledOrderwithmultipleExtraCharge" time="30.666"/>
  <testcase classname="com.optimus.OptimusMavenProject.DineIn" name="CheckValidationsonExtarChrage" time="13.559"/>
  <testcase classname="com.optimus.OptimusMavenProject.DineIn" name="addRemovedExtarChrage" time="39.184"/>
  <testcase classname="com.optimus.OptimusMavenProject.DineIn" name="addOrderDiscount" time="22.231"/>
  <testcase classname="com.optimus.OptimusMavenProject.DineIn" name="addItemDiscount" time="20.019"/>
  <testcase classname="com.optimus.OptimusMavenProject.DineIn" name="QuickPayAfteraddDiscounts" time="11.516"/>
  <testcase classname="com.optimus.OptimusMavenProject.DineIn" name="SettleOrderAfteraddDiscounts" time="39.995"/>
  <testcase classname="com.optimus.OptimusMavenProject.DineIn" name="addMultipleOrderDiscount" time="28.588"/>
  <testcase classname="com.optimus.OptimusMavenProject.DineIn" name="addMultipleItemDiscount" time="26.419"/>
  <testcase classname="com.optimus.OptimusMavenProject.DineIn" name="removeOrderDiscount" time="20.036"/>
  <testcase classname="com.optimus.OptimusMavenProject.DineIn" name="removeItemDiscount" time="20.049"/>
  <testcase classname="com.optimus.OptimusMavenProject.DineIn" name="AddremovedOrderDiscount" time="15.781"/>
  <testcase classname="com.optimus.OptimusMavenProject.DineIn" name="AddremovedItemDiscount" time="20.31"/>
  <testcase classname="com.optimus.OptimusMavenProject.DineIn" name="AddOpenOrderDiscount" time="28.814"/>
  <testcase classname="com.optimus.OptimusMavenProject.DineIn" name="AddOpenItemDiscount" time="26.445"/>
  <testcase classname="com.optimus.OptimusMavenProject.DineIn" name="Add100ItemDiscount" time="32.989"/>
  <testcase classname="com.optimus.OptimusMavenProject.DineIn" name="Add100OrderDiscount" time="30.686"/>
  <testcase classname="com.optimus.OptimusMavenProject.DineIn" name="OverwriteItemDiscount" time="56.702"/>
  <testcase classname="com.optimus.OptimusMavenProject.DineIn" name="AddAutoDiscountOnModifier" time="40.411"/>
  <testcase classname="com.optimus.OptimusMavenProject.DineIn" name="AddDiscountOnModifier" time="35.772"/>
  <testcase classname="com.optimus.OptimusMavenProject.DineIn" name="SplitOrderByEqually2" time="31.009"/>
  <testcase classname="com.optimus.OptimusMavenProject.DineIn" name="MergeTwoOrders" time="15.781"/>
  <testcase classname="com.optimus.OptimusMavenProject.DineIn" name="SplidOrdersByQuantity" time="24.353"/>
  <testcase classname="com.optimus.OptimusMavenProject.DineIn" name="MergeAndSettleOrders" time="25.544"/>
  <testcase classname="com.optimus.OptimusMavenProject.DineIn" name="splitOrderbyCategory" time="61.143"/>
  <testcase classname="com.optimus.OptimusMavenProject.DineIn" name="MergeAndPrintOrders" time="15.831"/>
  <testcase classname="com.optimus.OptimusMavenProject.DineIn" name="splitOrderbySeat" time="32.981"/>
  <testcase classname="com.optimus.OptimusMavenProject.DineIn" name="TransferOrders" time="15.72"/>
  <testcase classname="com.optimus.OptimusMavenProject.DineIn" name="TarnsferOrderByQTY" time="24.293"/>
  <testcase classname="com.optimus.OptimusMavenProject.DineIn" name="CheckValidations" time="18.582"/>
  <testcase classname="com.optimus.OptimusMavenProject.DineIn" name="TarnsferItemintoOldOrder" time="35.024"/>
  <testcase classname="com.optimus.OptimusMavenProject.DineIn" name="TransferOrders1" time="15.756"/>
  <testcase classname="com.optimus.OptimusMavenProject.DineIn" name="TransferNewOrders" time="28.482"/>
  <testcase classname="com.optimus.OptimusMavenProject.DineIn" name="NewOrderwithTransferItem" time="43.658"/>
  <testcase classname="com.optimus.OptimusMavenProject.DineIn" name="TransferOrders2" time="15.779"/>
  <testcase classname="com.optimus.OptimusMavenProject.DineIn" name="TransferMultipleOrder" time="15.737"/>
  <testcase classname="com.optimus.OptimusMavenProject.DineIn" name="MergeMultipleOrdersAndVoid" time="29.326"/>
  <testcase classname="com.optimus.OptimusMavenProject.TakeAway" name="loginwithValidUser" time="22.492"/>
  <testcase classname="com.optimus.OptimusMavenProject.TakeAway" name="TakeAwaySaveOrder" time="32.715"/>
  <testcase classname="com.optimus.OptimusMavenProject.TakeAway" name="TakeAwayRecallOrder" time="13.742"/>
  <testcase classname="com.optimus.OptimusMavenProject.TakeAway" name="TakeAwaycheckWithIncreaseQTY" time="15.88"/>
  <testcase classname="com.optimus.OptimusMavenProject.TakeAway" name="TakeAwaycheckWithDecreaseQTY" time="24.183"/>
  <testcase classname="com.optimus.OptimusMavenProject.TakeAway" name="TakeAwayRemoveItem" time="17.9"/>
  <testcase classname="com.optimus.OptimusMavenProject.TakeAway" name="TakeAwayRecallOrderAndSettlewithQuickPay" time="11.52"/>
  <testcase classname="com.optimus.OptimusMavenProject.TakeAway" name="TakeAwayAddMultiplerItemandSaveIt" time="24.527"/>
  <testcase classname="com.optimus.OptimusMavenProject.TakeAway" name="TakeAwayRecallOrderandAddSameItem" time="22.21"/>
  <testcase classname="com.optimus.OptimusMavenProject.TakeAway" name="TakeAwaySettleOrder" time="20.688"/>
  <testcase classname="com.optimus.OptimusMavenProject.TakeAway" name="TakeAwaySettleOrderwithBank" time="22.498"/>
  <testcase classname="com.optimus.OptimusMavenProject.TakeAway" name="TakeAwaySettleOrderWithCredit" time="19.943"/>
  <testcase classname="com.optimus.OptimusMavenProject.TakeAway" name="TakeAwayCreditwithInsufficientBalance" time="33.603"/>
  <testcase classname="com.optimus.OptimusMavenProject.TakeAway" name="TakeAwaysettleOrderwithCreditUpdateGuestInfo" time="29.641"/>
  <testcase classname="com.optimus.OptimusMavenProject.TakeAway" name="TakeAwaysettleOrderwithRoomPost" time="29.455"/>
  <testcase classname="com.optimus.OptimusMavenProject.TakeAway" name="TakeAwayCashwithSurcharge" time="36.601"/>
  <testcase classname="com.optimus.OptimusMavenProject.TakeAway" name="TakeAwayBankwithSurcharge" time="27.39"/>
  <testcase classname="com.optimus.OptimusMavenProject.TakeAway" name="TakeAwaysettleOrderPartially" time="49.737"/>
  <testcase classname="com.optimus.OptimusMavenProject.TakeAway" name="TakeAwaySettlewithOtherCurrency" time="36.699"/>
  <testcase classname="com.optimus.OptimusMavenProject.TakeAway" name="TakeAwaySettleOrderWithMultipleCurrency" time="58.845"/>
  <testcase classname="com.optimus.OptimusMavenProject.TakeAway" name="TakeAwayTakeAwaydeletePayment" time="51.381"/>
  <testcase classname="com.optimus.OptimusMavenProject.TakeAway" name="TakeAwayAddExtraCharge" time="20.737"/>
  <testcase classname="com.optimus.OptimusMavenProject.TakeAway" name="TakeAwayAddMultipleExtraCharge" time="20.161"/>
  <testcase classname="com.optimus.OptimusMavenProject.TakeAway" name="TakeAwayRemoveExtraCharge" time="22.221"/>
  <testcase classname="com.optimus.OptimusMavenProject.TakeAway" name="TakeAwayRemoveMultipleExtraCharge" time="28.566"/>
  <testcase classname="com.optimus.OptimusMavenProject.TakeAway" name="TakeAwayAddExtraChargeAndSettleorder" time="25.089"/>
  <testcase classname="com.optimus.OptimusMavenProject.TakeAway" name="TakeAwaySettleOrderWithMultipleExtraCharge" time="27.461"/>
  <testcase classname="com.optimus.OptimusMavenProject.TakeAway" name="TakeAwaySettleCheckValidationOnExtraCharge" time="13.662"/>
  <testcase classname="com.optimus.OptimusMavenProject.TakeAway" name="TakeAwayAddOrderDiscount" time="20.926"/>
  <testcase classname="com.optimus.OptimusMavenProject.TakeAway" name="TakeAwayAddItemDiscount" time="20.126"/>
  <testcase classname="com.optimus.OptimusMavenProject.TakeAway" name="TakeAwayOrdersettleThroughQuickPay" time="11.488"/>
  <testcase classname="com.optimus.OptimusMavenProject.TakeAway" name="TakeAwayaddBothOrderandItemDiscount" time="43.073"/>
  <testcase classname="com.optimus.OptimusMavenProject.TakeAway" name="TakeAwayaddMultipleOrderDiscount" time="30.937"/>
  <testcase classname="com.optimus.OptimusMavenProject.TakeAway" name="TakeAwayaddMultipleItemDiscount" time="28.742"/>
  <testcase classname="com.optimus.OptimusMavenProject.TakeAway" name="TakeAwayRemoveOrderDiscount" time="20.099"/>
  <testcase classname="com.optimus.OptimusMavenProject.TakeAway" name="TakeAwayRemoveItemDiscount" time="20.076"/>
  <testcase classname="com.optimus.OptimusMavenProject.TakeAway" name="TakeAwayAddRemovedOrderDiscount" time="15.824"/>
  <testcase classname="com.optimus.OptimusMavenProject.TakeAway" name="TakeAwayAddRemovedItemDiscount" time="20.031"/>
  <testcase classname="com.optimus.OptimusMavenProject.TakeAway" name="TakeAwayaddOpenOrderDiscount" time="23.634">
    <failure type="org.openqa.selenium.ElementClickInterceptedException" message="element click intercepted: Element &amp;lt;p&amp;gt;...&amp;lt;/p&amp;gt; is not clickable at point (874, 633). Other element would receive the click: &amp;lt;ion-backdrop disable-activated=&amp;quot;&amp;quot; role=&amp;quot;presentation&amp;quot; tappable=&amp;quot;&amp;quot; class=&amp;quot;backdrop-no-tappable&amp;quot; style=&amp;quot;opacity: 0.4;&amp;quot;&amp;gt;&amp;lt;/ion-backdrop&amp;gt;
  (Session info: chrome=123.0.6312.124)
Build info: version: &amp;apos;4.12.1&amp;apos;, revision: &amp;apos;8e34639b11&amp;apos;
System info: os.name: &amp;apos;Windows 10&amp;apos;, os.arch: &amp;apos;amd64&amp;apos;, os.version: &amp;apos;10.0&amp;apos;, java.version: &amp;apos;17.0.10&amp;apos;
Driver info: org.openqa.selenium.chrome.ChromeDriver
Command: [57d0853aac77d1a64eaa959b34cf3819, clickElement {id=f.3673D758B0AFB5712C597B41D8B9CD3A.d.37C27A3AE61BFBED31BE3C50ADBE7267.e.3330}]
Capabilities {acceptInsecureCerts: false, browserName: chrome, browserVersion: 123.0.6312.124, chrome: {chromedriverVersion: 123.0.6312.122 (31f8248cdd9..., userDataDir: C:\Users\MAKBUL~1\AppData\L...}, fedcm:accounts: true, goog:chromeOptions: {debuggerAddress: localhost:54660}, networkConnectionEnabled: false, pageLoadStrategy: normal, platformName: windows, proxy: Proxy(), se:cdp: ws://localhost:54660/devtoo..., se:cdpVersion: 123.0.6312.124, setWindowRect: true, strictFileInteractability: false, timeouts: {implicit: 0, pageLoad: 300000, script: 30000}, unhandledPromptBehavior: dismiss and notify, webauthn:extension:credBlob: true, webauthn:extension:largeBlob: true, webauthn:extension:minPinLength: true, webauthn:extension:prf: true, webauthn:virtualAuthenticators: true}
Element: [[ChromeDriver: chrome on windows (57d0853aac77d1a64eaa959b34cf3819)] -&amp;gt; xpath: //p[contains(text(),&amp;apos;Save&amp;apos;)]]
Session ID: 57d0853aac77d1a64eaa959b34cf3819">
      <![CDATA[org.openqa.selenium.ElementClickInterceptedException: element click intercepted: Element <p>...</p> is not clickable at point (874, 633). Other element would receive the click: <ion-backdrop disable-activated="" role="presentation" tappable="" class="backdrop-no-tappable" style="opacity: 0.4;"></ion-backdrop>
  (Session info: chrome=123.0.6312.124)
Build info: version: '4.12.1', revision: '8e34639b11'
System info: os.name: 'Windows 10', os.arch: 'amd64', os.version: '10.0', java.version: '17.0.10'
Driver info: org.openqa.selenium.chrome.ChromeDriver
Command: [57d0853aac77d1a64eaa959b34cf3819, clickElement {id=f.3673D758B0AFB5712C597B41D8B9CD3A.d.37C27A3AE61BFBED31BE3C50ADBE7267.e.3330}]
Capabilities {acceptInsecureCerts: false, browserName: chrome, browserVersion: 123.0.6312.124, chrome: {chromedriverVersion: 123.0.6312.122 (31f8248cdd9..., userDataDir: C:\Users\MAKBUL~1\AppData\L...}, fedcm:accounts: true, goog:chromeOptions: {debuggerAddress: localhost:54660}, networkConnectionEnabled: false, pageLoadStrategy: normal, platformName: windows, proxy: Proxy(), se:cdp: ws://localhost:54660/devtoo..., se:cdpVersion: 123.0.6312.124, setWindowRect: true, strictFileInteractability: false, timeouts: {implicit: 0, pageLoad: 300000, script: 30000}, unhandledPromptBehavior: dismiss and notify, webauthn:extension:credBlob: true, webauthn:extension:largeBlob: true, webauthn:extension:minPinLength: true, webauthn:extension:prf: true, webauthn:virtualAuthenticators: true}
Element: [[ChromeDriver: chrome on windows (57d0853aac77d1a64eaa959b34cf3819)] -> xpath: //p[contains(text(),'Save')]]
Session ID: 57d0853aac77d1a64eaa959b34cf3819
at org.openqa.selenium.remote.codec.w3c.W3CHttpResponseCodec.createException(W3CHttpResponseCodec.java:200)
at org.openqa.selenium.remote.codec.w3c.W3CHttpResponseCodec.decode(W3CHttpResponseCodec.java:133)
at org.openqa.selenium.remote.codec.w3c.W3CHttpResponseCodec.decode(W3CHttpResponseCodec.java:52)
at org.openqa.selenium.remote.HttpCommandExecutor.execute(HttpCommandExecutor.java:191)
at org.openqa.selenium.remote.service.DriverCommandExecutor.invokeExecute(DriverCommandExecutor.java:196)
at org.openqa.selenium.remote.service.DriverCommandExecutor.execute(DriverCommandExecutor.java:171)
at org.openqa.selenium.remote.RemoteWebDriver.execute(RemoteWebDriver.java:602)
at org.openqa.selenium.remote.RemoteWebElement.execute(RemoteWebElement.java:224)
at org.openqa.selenium.remote.RemoteWebElement.click(RemoteWebElement.java:77)
at com.optimus.OptimusMavenProject.TakeAwayXpath.uTakeAwayclickOnSave(TakeAwayXpath.java:125)
at com.optimus.OptimusMavenProject.TakeAway.TakeAwayaddOpenOrderDiscount(TakeAway.java:1515)
at java.base/java.util.ArrayList.forEach(ArrayList.java:1511)
... Removed 32 stack frames]]>
    </failure>
  </testcase> <!-- TakeAwayaddOpenOrderDiscount -->
  <testcase classname="com.optimus.OptimusMavenProject.TakeAway" name="TakeAwayaddOpenItemDiscount" time="205.481"/>
  <testcase classname="com.optimus.OptimusMavenProject.TakeAway" name="TakeAwayAdd100ItemDiscount" time="36.134"/>
  <testcase classname="com.optimus.OptimusMavenProject.TakeAway" name="TakeAwayAdd100OrderDiscount" time="31.642"/>
  <testcase classname="com.optimus.OptimusMavenProject.TakeAway" name="TakeAwayOverwriteItemDiscount" time="46.406"/>
  <testcase classname="com.optimus.OptimusMavenProject.TakeAway" name="TakeAwayAddAutoDiscountOnModifie" time="26.833"/>
  <testcase classname="com.optimus.OptimusMavenProject.TakeAway" name="TakeAwayAddDiscountOnModifier" time="20.247"/>
  <testcase classname="com.optimus.OptimusMavenProject.TakeAway" name="TakeAwayAddBulkItemDiscount" time="31.062"/>
  <testcase classname="com.optimus.OptimusMavenProject.TakeAway" name="TakeAwayRemoveBulkItemDiscount" time="26.64"/>
  <testcase classname="com.optimus.OptimusMavenProject.TakeAway" name="TakeAwayHoldItem" time="26.844"/>
  <testcase classname="com.optimus.OptimusMavenProject.TakeAway" name="TakeAwayFireItem" time="17.355"/>
  <testcase classname="com.optimus.OptimusMavenProject.RoomService" name="loginwithValidUser" time="21.676"/>
  <testcase classname="com.optimus.OptimusMavenProject.RoomService" name="RoomServiceTakeOrder" time="18.955"/>
  <testcase classname="com.optimus.OptimusMavenProject.RoomService" name="RoomPostingRecallOrder" time="15.634"/>
  <testcase classname="com.optimus.OptimusMavenProject.RoomService" name="RoomPostingRecallOrderDeleteItem" time="17.707"/>
  <testcase classname="com.optimus.OptimusMavenProject.RoomService" name="RoomPostingPostandFinishOrder" time="11.409"/>
  <testcase classname="com.optimus.OptimusMavenProject.RoomService" name="RoomPostingSplitOrder" time="31.284"/>
  <testcase classname="com.optimus.OptimusMavenProject.RoomService" name="RoomServiceMergeTwoOrders" time="15.583"/>
  <testcase classname="com.optimus.OptimusMavenProject.RoomService" name="RoomPostingSplitOrderEquallyBy3" time="15.596"/>
  <testcase classname="com.optimus.OptimusMavenProject.RoomService" name="RoomServiceMergeThreeOrders" time="15.68"/>
  <testcase classname="com.optimus.OptimusMavenProject.RoomService" name="RoomPostingSplitOrderEquallyBy4" time="15.656"/>
  <testcase classname="com.optimus.OptimusMavenProject.RoomService" name="RoomServiceMergeFourOrders" time="15.618"/>
  <testcase classname="com.optimus.OptimusMavenProject.RoomService" name="RoomPostingSplitOrderEquallyBy5" time="15.585"/>
  <testcase classname="com.optimus.OptimusMavenProject.RoomService" name="RoomServiceMergeFiveOrders" time="15.656"/>
  <testcase classname="com.optimus.OptimusMavenProject.RoomService" name="RoomPostingSplitOrderByQTY" time="39.818"/>
  <testcase classname="com.optimus.OptimusMavenProject.RoomService" name="RoomServiceMergeOrders" time="15.658"/>
  <testcase classname="com.optimus.OptimusMavenProject.RoomService" name="RoomPostingSplitOrderByCategory" time="50.672"/>
  <testcase classname="com.optimus.OptimusMavenProject.RoomService" name="RoomPostingMergeandSettleOrder" time="20.141"/>
  <testcase classname="com.optimus.OptimusMavenProject.RoomService" name="RoomPostingSettleOrderwithCash" time="24.114"/>
  <testcase classname="com.optimus.OptimusMavenProject.RoomService" name="RoomPostingSettleOrderwithBank" time="14.931"/>
  <testcase classname="com.optimus.OptimusMavenProject.RoomService" name="RoomPostingSettlewithPosting" time="22.246"/>
  <testcase classname="com.optimus.OptimusMavenProject.RoomService" name="RoomPostingwithOtherCurrency" time="35.318"/>
  <testcase classname="com.optimus.OptimusMavenProject.RoomService" name="RoomPostingVoidOrder" time="25.07"/>
  <testcase classname="com.optimus.OptimusMavenProject.RoomService" name="RoomPostingVoidMultipleOrders" time="101.879"/>
  <testcase classname="com.optimus.OptimusMavenProject.RoomService" name="RoomPostingFinishOrder" time="34.105"/>
  <testcase classname="com.optimus.OptimusMavenProject.DeliveryManager" name="loginwithValidUser" time="22.443"/>
  <testcase classname="com.optimus.OptimusMavenProject.DeliveryManager" name="DeliveryTakeNewOrder" time="54.185"/>
  <testcase classname="com.optimus.OptimusMavenProject.DeliveryManager" name="DeliveryRecallOrderAddItem" time="25.62"/>
  <testcase classname="com.optimus.OptimusMavenProject.DeliveryManager" name="DeliveryRecallOrderVoidItem" time="33.872"/>
  <testcase classname="com.optimus.OptimusMavenProject.DeliveryManager" name="DeliverySettleOrder" time="15.365"/>
  <testcase classname="com.optimus.OptimusMavenProject.DeliveryManager" name="DeliveryAssignDriver" time="37.613"/>
  <testcase classname="com.optimus.OptimusMavenProject.DeliveryManager" name="DeliveryDispatchOrder" time="15.309"/>
  <testcase classname="com.optimus.OptimusMavenProject.DeliveryManager" name="DeliveryUndoAction" time="28.615"/>
  <testcase classname="com.optimus.OptimusMavenProject.DeliveryManager" name="DeliveryOperations" time="31.671"/>
  <testcase classname="com.optimus.OptimusMavenProject.DeliveryManager" name="DeliverySettleOrderWithQuickPay" time="69.463"/>
  <testcase classname="com.optimus.OptimusMavenProject.DeliveryManager" name="DeliveryVoidOrder" time="61.148"/>
  <testcase classname="com.optimus.OptimusMavenProject.DeliveryManager" name="searchNumber" time="63.933"/>
  <testcase classname="com.optimus.OptimusMavenProject.NoCharge" name="loginwithValidUser" time="22.048"/>
  <testcase classname="com.optimus.OptimusMavenProject.NoCharge" name="NoChargeTakeOrderOrder" time="26.182"/>
  <testcase classname="com.optimus.OptimusMavenProject.NoCharge" name="NoChargeWithGuestInformation" time="32.474"/>
  <testcase classname="com.optimus.OptimusMavenProject.NoCharge" name="CheckValidationOnAccoutnField" time="16.549"/>
  <testcase classname="com.optimus.OptimusMavenProject.NoCharge" name="NoChargeRecallOrderIncreaseQTY" time="15.721"/>
  <testcase classname="com.optimus.OptimusMavenProject.NoCharge" name="NoChargeRecallOrderAddItem" time="15.741"/>
  <testcase classname="com.optimus.OptimusMavenProject.NoCharge" name="NoChargeVoidItem" time="26.08"/>
  <testcase classname="com.optimus.OptimusMavenProject.NoCharge" name="NoChargeDailyLimit" time="47.794"/>
  <testcase classname="com.optimus.OptimusMavenProject.NoCharge" name="NoChargeMonthlyLimit" time="46.436"/>
  <testcase classname="com.optimus.OptimusMavenProject.NoCharge" name="NoChargewithPin" time="39.008"/>
  <testcase classname="com.optimus.OptimusMavenProject.NoCharge" name="NoChargewithInvalidPin" time="45.45"/>
  <testcase classname="com.optimus.OptimusMavenProject.NoCharge" name="NoChargewithUserChange" time="44.429"/>
  <testcase classname="com.optimus.OptimusMavenProject.NoCharge" name="NoChargewithDineIn" time="30.656"/>
  <testcase classname="com.optimus.OptimusMavenProject.NoCharge" name="NoChargewithTakeAway" time="22.037"/>
  <testcase classname="com.optimus.OptimusMavenProject.NoCharge" name="NoChargewithRoomPosting" time="27.275"/>
  <testcase classname="com.optimus.OptimusMavenProject.NoCharge" name="NoChargewithDeliveryManager" time="46.439"/>
  <testcase classname="com.optimus.OptimusMavenProject.OrderSummary" name="loginwithValidUser" time="27.209"/>
  <testcase classname="com.optimus.OptimusMavenProject.OrderSummary" name="AddOrder" time="18.071"/>
  <testcase classname="com.optimus.OptimusMavenProject.OrderSummary" name="OrderSummaryRecall" time="13.523"/>
  <testcase classname="com.optimus.OptimusMavenProject.OrderSummary" name="OrderSplitOrder" time="15.585"/>
  <testcase classname="com.optimus.OptimusMavenProject.OrderSummary" name="OrderSummaryMergeOrder" time="15.675"/>
  <testcase classname="com.optimus.OptimusMavenProject.OrderSummary" name="OrderSummarySplitOrderbyQTY" time="24.184"/>
  <testcase classname="com.optimus.OptimusMavenProject.OrderSummary" name="OrderSummaryMergeOrder1" time="15.654"/>
  <testcase classname="com.optimus.OptimusMavenProject.OrderSummary" name="OrderSummarySplitOrderbyCategory" time="34.863"/>
  <testcase classname="com.optimus.OptimusMavenProject.OrderSummary" name="OrderSummaryVoidOrder" time="13.47"/>
  <testcase classname="com.optimus.OptimusMavenProject.OrderSummary" name="OrderSummaryVoidMultipleOrder" time="45.886"/>
  <testcase classname="com.optimus.OptimusMavenProject.OrderSummary" name="OrderSummarySettleOrder" time="24.326"/>
  <testcase classname="com.optimus.OptimusMavenProject.OrderSummary" name="OrderSummarySettleBulkOrder" time="44.55"/>
  <testcase classname="com.optimus.OptimusMavenProject.GRN" name="loginwithValidUser" time="25.605"/>
  <testcase classname="com.optimus.OptimusMavenProject.GRN" name="AddGRN" time="35.075"/>
  <testcase classname="com.optimus.OptimusMavenProject.GRN" name="RecallGRN" time="14.64"/>
  <testcase classname="com.optimus.OptimusMavenProject.GRN" name="recallGRNaddItem" time="19.732"/>
  <testcase classname="com.optimus.OptimusMavenProject.GRN" name="recallGRNRemoveItem" time="22.686"/>
  <testcase classname="com.optimus.OptimusMavenProject.GRN" name="GRNwithMaximumPopupNotification" time="26.866"/>
  <testcase classname="com.optimus.OptimusMavenProject.GRN" name="AddMultipleGRN" time="90.457"/>
  <testcase classname="com.optimus.OptimusMavenProject.GRN" name="VoidGRN" time="22.668"/>
  <testcase classname="com.optimus.OptimusMavenProject.GRN" name="VoidMultipleGRN" time="23.785"/>
  <testcase classname="com.optimus.OptimusMavenProject.RePrint" name="loginwithValidUser" time="22.492"/>
  <testcase classname="com.optimus.OptimusMavenProject.RePrint" name="RePrintOrder" time="36.386"/>
  <testcase classname="com.optimus.OptimusMavenProject.RePrint" name="OrderRePrintwithKOT" time="25.681"/>
  <testcase classname="com.optimus.OptimusMavenProject.RePrint" name="OrderRePrintwithCaptain" time="33.636"/>
  <testcase classname="com.optimus.OptimusMavenProject.RePrint" name="OrderRePrintwithLabel" time="33.69"/>
  <testcase classname="com.optimus.OptimusMavenProject.RePrint" name="OrderSummaryOrderPrint" time="24.726"/>
  <testcase classname="com.optimus.OptimusMavenProject.RePrint" name="OrderSummaryOrderRePrintKOT" time="28.497"/>
  <testcase classname="com.optimus.OptimusMavenProject.RePrint" name="OrderSummaryOrderRePrintwithCaptain" time="31.547"/>
  <testcase classname="com.optimus.OptimusMavenProject.RePrint" name="OrderSummaryOrderRePrintwithLabel" time="34.727"/>
  <testcase classname="com.optimus.OptimusMavenProject.Contactless" name="loginwithValidUser" time="26.179"/>
  <testcase classname="com.optimus.OptimusMavenProject.Contactless" name="ContactlessTakeOrder" time="53.811"/>
  <testcase classname="com.optimus.OptimusMavenProject.Contactless" name="ContactlessApproveOrder" time="25.135"/>
  <testcase classname="com.optimus.OptimusMavenProject.Contactless" name="ApproveOrderfromTable" time="33.933"/>
  <testcase classname="com.optimus.OptimusMavenProject.Contactless" name="approveOrderfromContactlessPage" time="41.691"/>
  <testcase classname="com.optimus.OptimusMavenProject.Contactless" name="approveOrderwithOrderofMultipleItems" time="28.906"/>
  <testcase classname="com.optimus.OptimusMavenProject.Contactless" name="DeclineOrder" time="26.577"/>
  <testcase classname="com.optimus.OptimusMavenProject.Contactless" name="DeclineOrderonViewOrder" time="28.809"/>
  <testcase classname="com.optimus.OptimusMavenProject.Contactless" name="DeclineOrderfromTable" time="37.977"/>
  <testcase classname="com.optimus.OptimusMavenProject.Contactless" name="DeclineOrderfromContactlessPage" time="46.346"/>
  <testcase classname="com.optimus.OptimusMavenProject.Contactless" name="ContactlessItemGroupOrder" time="52.544"/>
  <testcase classname="com.optimus.OptimusMavenProject.Contactless" name="ContactlessModifier" time="46.553"/>
  <testcase classname="com.optimus.OptimusMavenProject.Contactless" name="ContactLessRepeatItem" time="37.33"/>
  <testcase classname="com.optimus.OptimusMavenProject.Contactless" name="voidItemfromCart" time="65.872"/>
  <testcase classname="com.optimus.OptimusMavenProject.Contactless" name="ContactlessPayNow" time="0.0">
    <ignored/>
  </testcase> <!-- ContactlessPayNow -->
</testsuite> <!-- WeeklyReleaseTesting -->
