<?xml version="1.0" encoding="UTF-8"?>
<!-- Generated by org.testng.reporters.JUnitXMLReporter -->
<testsuite ignored="0" hostname="DESKTOP-JACOFGL" failures="0" tests="2" name="Default test" time="75.261" errors="0" timestamp="2024-04-29T14:37:30 IST">
  <testcase classname="com.optimus.OptimusMavenProject.IssueCheck" name="loginwithValidUser" time="26.702"/>
  <testcase classname="com.optimus.OptimusMavenProject.IssueCheck" name="TakeAwaySaveOrder" time="48.483"/>
</testsuite> <!-- Default test -->
